1543696962.103650 client started (13444): version 2.8, socket /tmp/tmux-1000/default, protocol 8
1543696962.103672 on Linux 4.19.4-arch1-1-ARCH #1 SMP PREEMPT Fri Nov 23 09:06:58 UTC 2018; libevent 2.1.8-stable (poll)
1543696962.103687 socket is /tmp/tmux-1000/default
1543696962.103697 trying connect
1543696962.103708 connect failed: Connection refused
1543696962.103716 lock file is /tmp/tmux-1000/default.lock
1543696962.103727 flock succeeded
1543696962.103730 got lock (6)
1543696962.103735 trying connect
1543696962.103740 connect failed: Connection refused
1543696962.103886 add peer 0x5581cb67c000: 7 ((nil))
1543696962.103961 sending message 100 to peer 0x5581cb67c000 (4 bytes)
1543696962.103967 sending message 101 to peer 0x5581cb67c000 (15 bytes)
1543696962.103971 sending message 102 to peer 0x5581cb67c000 (11 bytes)
1543696962.103974 sending message 108 to peer 0x5581cb67c000 (46 bytes)
1543696962.103979 sending message 104 to peer 0x5581cb67c000 (0 bytes)
1543696962.103983 sending message 107 to peer 0x5581cb67c000 (4 bytes)
1543696962.103988 sending message 105 to peer 0x5581cb67c000 (15 bytes)
1543696962.103992 sending message 105 to peer 0x5581cb67c000 (20 bytes)
1543696962.103995 sending message 105 to peer 0x5581cb67c000 (54 bytes)
1543696962.103999 sending message 105 to peer 0x5581cb67c000 (70 bytes)
1543696962.104002 sending message 105 to peer 0x5581cb67c000 (22 bytes)
1543696962.104005 sending message 105 to peer 0x5581cb67c000 (11 bytes)
1543696962.104009 sending message 105 to peer 0x5581cb67c000 (17 bytes)
1543696962.104012 sending message 105 to peer 0x5581cb67c000 (21 bytes)
1543696962.104015 sending message 105 to peer 0x5581cb67c000 (88 bytes)
1543696962.104019 sending message 105 to peer 0x5581cb67c000 (36 bytes)
1543696962.104022 sending message 105 to peer 0x5581cb67c000 (18 bytes)
1543696962.104026 sending message 105 to peer 0x5581cb67c000 (28 bytes)
1543696962.104029 sending message 105 to peer 0x5581cb67c000 (33 bytes)
1543696962.104032 sending message 105 to peer 0x5581cb67c000 (31 bytes)
1543696962.104035 sending message 105 to peer 0x5581cb67c000 (28 bytes)
1543696962.104039 sending message 105 to peer 0x5581cb67c000 (23 bytes)
1543696962.104042 sending message 105 to peer 0x5581cb67c000 (17 bytes)
1543696962.104045 sending message 105 to peer 0x5581cb67c000 (10 bytes)
1543696962.104049 sending message 105 to peer 0x5581cb67c000 (27 bytes)
1543696962.104052 sending message 105 to peer 0x5581cb67c000 (24 bytes)
1543696962.104066 sending message 105 to peer 0x5581cb67c000 (23 bytes)
1543696962.104072 sending message 105 to peer 0x5581cb67c000 (21 bytes)
1543696962.104075 sending message 105 to peer 0x5581cb67c000 (20 bytes)
1543696962.104078 sending message 105 to peer 0x5581cb67c000 (15 bytes)
1543696962.104082 sending message 105 to peer 0x5581cb67c000 (28 bytes)
1543696962.104085 sending message 105 to peer 0x5581cb67c000 (129 bytes)
1543696962.104089 sending message 105 to peer 0x5581cb67c000 (13 bytes)
1543696962.104092 sending message 105 to peer 0x5581cb67c000 (50 bytes)
1543696962.104095 sending message 105 to peer 0x5581cb67c000 (90 bytes)
1543696962.104099 sending message 105 to peer 0x5581cb67c000 (15 bytes)
1543696962.104102 sending message 105 to peer 0x5581cb67c000 (50 bytes)
1543696962.104105 sending message 105 to peer 0x5581cb67c000 (8 bytes)
1543696962.104109 sending message 105 to peer 0x5581cb67c000 (41 bytes)
1543696962.104112 sending message 105 to peer 0x5581cb67c000 (20 bytes)
1543696962.104115 sending message 105 to peer 0x5581cb67c000 (12 bytes)
1543696962.104119 sending message 105 to peer 0x5581cb67c000 (16 bytes)
1543696962.104122 sending message 105 to peer 0x5581cb67c000 (18 bytes)
1543696962.104125 sending message 105 to peer 0x5581cb67c000 (13 bytes)
1543696962.104128 sending message 105 to peer 0x5581cb67c000 (41 bytes)
1543696962.104132 sending message 105 to peer 0x5581cb67c000 (26 bytes)
1543696962.104135 sending message 105 to peer 0x5581cb67c000 (23 bytes)
1543696962.104138 sending message 105 to peer 0x5581cb67c000 (31 bytes)
1543696962.104142 sending message 105 to peer 0x5581cb67c000 (15 bytes)
1543696962.104152 sending message 105 to peer 0x5581cb67c000 (26 bytes)
1543696962.104155 sending message 105 to peer 0x5581cb67c000 (17 bytes)
1543696962.104160 sending message 105 to peer 0x5581cb67c000 (21 bytes)
1543696962.104164 sending message 105 to peer 0x5581cb67c000 (11 bytes)
1543696962.104167 sending message 105 to peer 0x5581cb67c000 (20 bytes)
1543696962.104170 sending message 105 to peer 0x5581cb67c000 (28 bytes)
1543696962.104174 sending message 105 to peer 0x5581cb67c000 (11 bytes)
1543696962.104177 sending message 105 to peer 0x5581cb67c000 (8 bytes)
1543696962.104180 sending message 105 to peer 0x5581cb67c000 (21 bytes)
1543696962.104184 sending message 105 to peer 0x5581cb67c000 (32 bytes)
1543696962.104187 sending message 105 to peer 0x5581cb67c000 (1506 bytes)
1543696962.104199 sending message 105 to peer 0x5581cb67c000 (16 bytes)
1543696962.104203 sending message 106 to peer 0x5581cb67c000 (0 bytes)
1543696962.104207 sending message 200 to peer 0x5581cb67c000 (4 bytes)
1543696962.104211 client loop enter
1543696962.121355 peer 0x5581cb67c000 message 207
1543696962.121364 sending message 208 to peer 0x5581cb67c000 (0 bytes)
1543696964.168704 peer 0x5581cb67c000 message 203
1543696964.168715 sending message 205 to peer 0x5581cb67c000 (0 bytes)
1543696964.168936 peer 0x5581cb67c000 message 204
1543696964.168945 client loop exit
